<?xml version="1.0" encoding="UTF-8"?>
<!-- Generated by org.testng.reporters.JUnitReportReporter -->
<testsuite hostname="my_pc-THINK" name="Express.ExpressTestcases" tests="1" failures="0" timestamp="7 Apr 2015 20:09:08 GMT" time="3.483" errors="0">
  <testcase name="f" time="3.483" classname="Express.ExpressTestcases"/>
</testsuite> <!-- Express.ExpressTestcases -->
