<?xml version="1.0" encoding="UTF-8"?>
<!-- Generated by org.testng.reporters.JUnitReportReporter -->
<testsuite hostname="my_pc-THINK" name="automationFramework.TestNG" tests="2" failures="0" timestamp="25 Mar 2015 16:11:09 GMT" time="12.359" errors="0">
  <testcase name="serachItem" time="11.258" classname="automationFramework.TestNG"/>
  <testcase name="testElementtext" time="1.101" classname="automationFramework.TestNG"/>
</testsuite> <!-- automationFramework.TestNG -->
